<?xml version="1.0" encoding="UTF-8"?>
<testng-results ignored="0" total="2" passed="2" failed="0" skipped="0">
  <reporter-output>
  </reporter-output>
  <suite started-at="2023-12-18T23:24:04 IST" name="Suite" finished-at="2023-12-18T23:24:16 IST" duration-ms="12671">
    <groups>
    </groups>
    <test started-at="2023-12-18T23:24:04 IST" name="Test1" finished-at="2023-12-18T23:24:12 IST" duration-ms="7739">
      <class name="CroseeBrowser.testcase">
        <test-method is-config="true" signature="testCase(java.lang.String)[pri:0, instance:CroseeBrowser.testcase@769e7ee8]" started-at="2023-12-18T23:24:04 IST" name="testCase" finished-at="2023-12-18T23:24:11 IST" duration-ms="7124" status="PASS">
          <params>
            <param index="0">
              <value>
                <![CDATA[firefox]]>
              </value>
            </param>
          </params>
          <reporter-output>
          </reporter-output>
        </test-method> <!-- testCase -->
        <test-method signature="testCase()[pri:0, instance:CroseeBrowser.testcase@769e7ee8]" started-at="2023-12-18T23:24:11 IST" name="testCase" finished-at="2023-12-18T23:24:12 IST" duration-ms="587" status="PASS">
          <reporter-output>
          </reporter-output>
        </test-method> <!-- testCase -->
      </class> <!-- CroseeBrowser.testcase -->
    </test> <!-- Test1 -->
    <test started-at="2023-12-18T23:24:12 IST" name="Test2" finished-at="2023-12-18T23:24:16 IST" duration-ms="4887">
      <class name="CroseeBrowser.testcase">
        <test-method is-config="true" signature="testCase(java.lang.String)[pri:0, instance:CroseeBrowser.testcase@4386f16]" started-at="2023-12-18T23:24:12 IST" name="testCase" finished-at="2023-12-18T23:24:16 IST" duration-ms="4246" status="PASS">
          <params>
            <param index="0">
              <value>
                <![CDATA[chrome]]>
              </value>
            </param>
          </params>
          <reporter-output>
          </reporter-output>
        </test-method> <!-- testCase -->
        <test-method signature="testCase()[pri:0, instance:CroseeBrowser.testcase@4386f16]" started-at="2023-12-18T23:24:16 IST" name="testCase" finished-at="2023-12-18T23:24:16 IST" duration-ms="635" status="PASS">
          <reporter-output>
          </reporter-output>
        </test-method> <!-- testCase -->
      </class> <!-- CroseeBrowser.testcase -->
    </test> <!-- Test2 -->
  </suite> <!-- Suite -->
</testng-results>
